<?xml version="1.0" encoding="UTF-8"?>
<config randomSeed="65535">
  <servers>
    <server type="small" limit="1" bootupTime="40" hourlyRate="0.4" cores="2" memory="8000" disk="64000" />
    <server type="medium" limit="1" bootupTime="60" hourlyRate="0.8" cores="4" memory="16000" disk="128000" />
  </servers>
  <jobs>
    <job id="1" type="short" submitTime="12" estRunTime="76" cores="3" memory="15300" disk="33000" />
    <job id="2" type="short" submitTime="17" estRunTime="133" cores="1" memory="1900" disk="3100" />
    <job id="3" type="medium" submitTime="60" estRunTime="1000" cores="2" memory="700" disk="1300" />
    <job id="4" type="instant" submitTime="87" estRunTime="1" cores="2" memory="1600" disk="900" />
  </jobs>
</config>
